<?xml version="1.0" encoding="UTF-8"?>
<testng-results skipped="0" failed="0" ignored="0" total="1" passed="1">
  <reporter-output>
  </reporter-output>
  <suite name="Default suite" duration-ms="16395" started-at="2018-12-05T17:44:53Z" finished-at="2018-12-05T17:45:09Z">
    <groups>
    </groups>
    <test name="Default test" duration-ms="16395" started-at="2018-12-05T17:44:53Z" finished-at="2018-12-05T17:45:09Z">
      <class name="githubfinal.SampleGit">
        <test-method status="PASS" signature="openBrowser()[pri:0, instance:githubfinal.SampleGit@687080dc]" name="openBrowser" duration-ms="16330" started-at="2018-12-05T17:44:53Z" finished-at="2018-12-05T17:45:09Z">
          <reporter-output>
          </reporter-output>
        </test-method> <!-- openBrowser -->
      </class> <!-- githubfinal.SampleGit -->
    </test> <!-- Default test -->
  </suite> <!-- Default suite -->
</testng-results>
